[debug] [2026-02-10T19:59:57.490Z] ----------------------------------------------------------------------
[debug] [2026-02-10T19:59:57.492Z] Command:       C:\Program Files\nodejs\node.exe C:\Users\007\AppData\Roaming\npm\node_modules\firebase-tools\lib\bin\firebase.js init
[debug] [2026-02-10T19:59:57.493Z] CLI Version:   15.5.1
[debug] [2026-02-10T19:59:57.493Z] Platform:      win32
[debug] [2026-02-10T19:59:57.493Z] Node Version:  v22.16.0
[debug] [2026-02-10T19:59:57.493Z] Time:          Tue Feb 10 2026 21:59:57 GMT+0200 (Eastern European Standard Time)
[debug] [2026-02-10T19:59:57.493Z] ----------------------------------------------------------------------
[debug] 
[info] 
     ######## #### ########  ######## ########     ###     ######  ########
     ##        ##  ##     ## ##       ##     ##  ##   ##  ##       ##
     ######    ##  ########  ######   ########  #########  ######  ######
     ##        ##  ##    ##  ##       ##     ## ##     ##       ## ##
     ##       #### ##     ## ######## ########  ##     ##  ######  ########

You're about to initialize a Firebase project in this directory:

  C:\Users\007\Desktop\Portfolio-Mohamed_Rabee

[debug] [2026-02-10T20:00:09.763Z] ExitPromptError: User force closed the prompt with SIGINT
    at Interface.sigint (C:\Users\007\AppData\Roaming\npm\node_modules\firebase-tools\node_modules\@inquirer\core\dist\commonjs\lib\create-prompt.js:101:37)
    at Interface.emit (node:events:518:28)
    at [_ttyWrite] [as _ttyWrite] (node:internal/readline/interface:1128:18)
    at ReadStream.onkeypress (node:internal/readline/interface:267:20)
    at ReadStream.emit (node:events:530:35)
    at emitKeys (node:internal/readline/utils:370:14)
    at emitKeys.next (<anonymous>)
    at ReadStream.onData (node:internal/readline/emitKeypressEvents:64:36)
    at ReadStream.emit (node:events:518:28)
    at addChunk (node:internal/streams/readable:561:12)
[error] 
[error] Error: An unexpected error has occurred.
